<?xml version="1.0" encoding="UTF-8"?><testrun name="automation.assesment" project="automation.assesment" tests="18" started="18" failures="1" errors="0" ignored="0">
  <testsuite name="prob20Test.NonAdjacentSequenceTest" time="0.016">
    <testcase name="NonAdjacentSequenceSol1" classname="prob20Test.NonAdjacentSequenceTest" time="0.016"/>
  </testsuite>
  <testsuite name="prob02Test.StaircaseStructureTest" time="0.0">
    <testcase name="StairCaseSol1" classname="prob02Test.StaircaseStructureTest" time="0.0"/>
  </testsuite>
  <testsuite name="prob04Test.BubbleSortTest" time="0.0">
    <testcase name="BubbleSortSol1" classname="prob04Test.BubbleSortTest" time="0.0"/>
  </testsuite>
  <testsuite name="prob23Test.AscendingArrayOfNumbersTest" time="0.015">
    <testcase name="AscendingArraySol1" classname="prob23Test.AscendingArrayOfNumbersTest" time="0.015">
      <failure>java.lang.AssertionError: Not Yet Implemented&#13;
	at org.junit.Assert.fail(Assert.java:88)&#13;
	at prob23Test.AscendingArrayOfNumbersTest.AscendingArraySol1(AscendingArrayOfNumbersTest.java:26)&#13;
	at sun.reflect.NativeMethodAccessorImpl.invoke0(Native Method)&#13;
	at sun.reflect.NativeMethodAccessorImpl.invoke(Unknown Source)&#13;
	at sun.reflect.DelegatingMethodAccessorImpl.invoke(Unknown Source)&#13;
	at java.lang.reflect.Method.invoke(Unknown Source)&#13;
	at org.junit.runners.model.FrameworkMethod$1.runReflectiveCall(FrameworkMethod.java:50)&#13;
	at org.junit.internal.runners.model.ReflectiveCallable.run(ReflectiveCallable.java:12)&#13;
	at org.junit.runners.model.FrameworkMethod.invokeExplosively(FrameworkMethod.java:47)&#13;
	at org.junit.internal.runners.statements.InvokeMethod.evaluate(InvokeMethod.java:17)&#13;
	at org.junit.runners.ParentRunner.runLeaf(ParentRunner.java:325)&#13;
	at org.junit.runners.BlockJUnit4ClassRunner.runChild(BlockJUnit4ClassRunner.java:78)&#13;
	at org.junit.runners.BlockJUnit4ClassRunner.runChild(BlockJUnit4ClassRunner.java:57)&#13;
	at org.junit.runners.ParentRunner$3.run(ParentRunner.java:290)&#13;
	at org.junit.runners.ParentRunner$1.schedule(ParentRunner.java:71)&#13;
	at org.junit.runners.ParentRunner.runChildren(ParentRunner.java:288)&#13;
	at org.junit.runners.ParentRunner.access$000(ParentRunner.java:58)&#13;
	at org.junit.runners.ParentRunner$2.evaluate(ParentRunner.java:268)&#13;
	at org.junit.runners.ParentRunner.run(ParentRunner.java:363)&#13;
	at org.eclipse.jdt.internal.junit4.runner.JUnit4TestReference.run(JUnit4TestReference.java:86)&#13;
	at org.eclipse.jdt.internal.junit.runner.TestExecution.run(TestExecution.java:38)&#13;
	at org.eclipse.jdt.internal.junit.runner.RemoteTestRunner.runTests(RemoteTestRunner.java:459)&#13;
	at org.eclipse.jdt.internal.junit.runner.RemoteTestRunner.runTests(RemoteTestRunner.java:678)&#13;
	at org.eclipse.jdt.internal.junit.runner.RemoteTestRunner.run(RemoteTestRunner.java:382)&#13;
	at org.eclipse.jdt.internal.junit.runner.RemoteTestRunner.main(RemoteTestRunner.java:192)&#13;
&#13;
</failure>
    </testcase>
  </testsuite>
  <testsuite name="prob01Test.PolindromeTest" time="0.0">
    <testcase name="PolindromeSol1" classname="prob01Test.PolindromeTest" time="0.0"/>
  </testsuite>
  <testsuite name="prob10Test.LeapYearsTest" time="0.103">
    <testcase name="LeapYearsSol1" classname="prob10Test.LeapYearsTest" time="0.103"/>
  </testsuite>
  <testsuite name="prob05Test.OddSumEvenAmountTest" time="0.0">
    <testcase name="OddEvenSol1" classname="prob05Test.OddSumEvenAmountTest" time="0.0"/>
  </testsuite>
  <testsuite name="prob18Test.HideNSeekTest" time="0.0">
    <testcase name="HideNSeekSol1" classname="prob18Test.HideNSeekTest" time="0.0"/>
  </testsuite>
  <testsuite name="prob03Test.InverseArrayTest" time="0.016">
    <testcase name="InverseArraySol1" classname="prob03Test.InverseArrayTest" time="0.016"/>
  </testsuite>
  <testsuite name="prob13Test.rotateListByKElementsTest" time="0.0">
    <testcase name="rotateListSol1" classname="prob13Test.rotateListByKElementsTest" time="0.0"/>
  </testsuite>
  <testsuite name="prob07Test.MagicalSquareTest" time="0.016">
    <testcase name="MagicalSquareSol1" classname="prob07Test.MagicalSquareTest" time="0.016"/>
  </testsuite>
  <testsuite name="prob11Test.MergeThreeAscendinglySortedArraysTest" time="0.0">
    <testcase name="MergeArraysSol1" classname="prob11Test.MergeThreeAscendinglySortedArraysTest" time="0.0"/>
  </testsuite>
  <testsuite name="prob15Test.TwoDimensinalArrayClockwiseTest" time="0.0">
    <testcase name="TwoDarrayClockwiseSol1" classname="prob15Test.TwoDimensinalArrayClockwiseTest" time="0.0"/>
  </testsuite>
  <testsuite name="prob12Test.SortArrayByTheSunOnLinesTest" time="0.0">
    <testcase name="SortBySumOnLinesSol1" classname="prob12Test.SortArrayByTheSunOnLinesTest" time="0.0"/>
  </testsuite>
  <testsuite name="prob14Test.CoinsTest" time="0.015">
    <testcase name="CoinsSol1" classname="prob14Test.CoinsTest" time="0.015"/>
  </testsuite>
  <testsuite name="prob09Test.FriendlyNumbersTest" time="0.031">
    <testcase name="FriendlyNumbersSol1" classname="prob09Test.FriendlyNumbersTest" time="0.031"/>
  </testsuite>
  <testsuite name="prob08Test.PrimeNumbersTest" time="0.016">
    <testcase name="PrimeNumbersSol1" classname="prob08Test.PrimeNumbersTest" time="0.016"/>
  </testsuite>
  <testsuite name="prob16Test.DoubleOrAddTest" time="0.0">
    <testcase name="DoubleOrAddSol1" classname="prob16Test.DoubleOrAddTest" time="0.0"/>
  </testsuite>
</testrun>
